\BOOKMARK [1][-]{section.1}{\376\377\000O\000v\000e\000r\000v\000i\000e\000w}{}% 1
\BOOKMARK [1][-]{section.2}{\376\377\000C\000o\000m\000m\000a\000n\000d\000s\000\040\000a\000n\000d\000\040\000P\000a\000r\000a\000m\000e\000t\000e\000r\000s}{}% 2
\BOOKMARK [2][-]{subsection.2.1}{\376\377\000r\000e\000a\000d\000\137\000p\000l\000a\000s\000m\000a\000\137\000s\000t\000a\000t\000e}{section.2}% 3
\BOOKMARK [3][-]{subsubsection.2.1.1}{\376\377\000S\000y\000n\000t\000a\000x}{subsection.2.1}% 4
\BOOKMARK [3][-]{subsubsection.2.1.2}{\376\377\000P\000a\000r\000a\000m\000e\000t\000e\000r\000s}{subsection.2.1}% 5
\BOOKMARK [3][-]{subsubsection.2.1.3}{\376\377\000E\000x\000a\000m\000p\000l\000e}{subsection.2.1}% 6
\BOOKMARK [2][-]{subsection.2.2}{\376\377\000g\000l\000o\000b\000a\000l\000\040\000l\000o\000r\000e\000n\000t\000z\000\137\000f\000o\000r\000c\000e}{section.2}% 7
\BOOKMARK [3][-]{subsubsection.2.2.1}{\376\377\000S\000y\000n\000t\000a\000x}{subsection.2.2}% 8
\BOOKMARK [3][-]{subsubsection.2.2.2}{\376\377\000P\000a\000r\000a\000m\000e\000t\000e\000r\000s}{subsection.2.2}% 9
\BOOKMARK [3][-]{subsubsection.2.2.3}{\376\377\000E\000x\000a\000m\000p\000l\000e}{subsection.2.2}% 10
\BOOKMARK [2][-]{subsection.2.3}{\376\377\000g\000l\000o\000b\000a\000l\000\040\000p\000l\000a\000s\000m\000a\000\137\000b\000a\000c\000k\000g\000r\000o\000u\000n\000d\000\137\000m\000a\000t\000e\000r\000i\000a\000l}{section.2}% 11
\BOOKMARK [3][-]{subsubsection.2.3.1}{\376\377\000S\000y\000n\000t\000a\000x}{subsection.2.3}% 12
\BOOKMARK [3][-]{subsubsection.2.3.2}{\376\377\000P\000a\000r\000a\000m\000e\000t\000e\000r\000s}{subsection.2.3}% 13
\BOOKMARK [3][-]{subsubsection.2.3.3}{\376\377\000E\000x\000a\000m\000p\000l\000e}{subsection.2.3}% 14
\BOOKMARK [1][-]{section.3}{\376\377\000C\000o\000d\000e\000\040\000I\000m\000p\000l\000e\000m\000e\000n\000t\000a\000t\000i\000o\000n}{}% 15
\BOOKMARK [2][-]{subsection.3.1}{\376\377\000S\000e\000t\000t\000i\000n\000g\000\040\000t\000h\000e\000\040\000P\000l\000a\000s\000m\000a\000\040\000S\000t\000a\000t\000e}{section.3}% 16
\BOOKMARK [2][-]{subsection.3.2}{\376\377\000E\000n\000a\000b\000l\000i\000n\000g\000\040\000t\000h\000e\000\040\000L\000o\000r\000e\000n\000t\000z\000\040\000F\000o\000r\000c\000e}{section.3}% 17
\BOOKMARK [2][-]{subsection.3.3}{\376\377\000P\000a\000r\000t\000i\000c\000l\000e\000\040\000M\000o\000t\000i\000o\000n\000\040\000w\000i\000t\000h\000\040\000L\000o\000r\000e\000n\000t\000z\000\040\000F\000o\000r\000c\000e}{section.3}% 18
\BOOKMARK [1][-]{section.4}{\376\377\000E\000x\000a\000m\000p\000l\000e\000\040\000U\000s\000a\000g\000e}{}% 19
\BOOKMARK [1][-]{section.5}{\376\377\000P\000l\000a\000s\000m\000a\000\040\000D\000a\000t\000a\000\040\000F\000i\000l\000e\000\040\000S\000t\000r\000u\000c\000t\000u\000r\000e}{}% 20
\BOOKMARK [2][-]{subsection.5.1}{\376\377\000H\000D\000F\0005\000\040\000F\000i\000l\000e\000\040\000S\000t\000r\000u\000c\000t\000u\000r\000e}{section.5}% 21
\BOOKMARK [2][-]{subsection.5.2}{\376\377\000E\000x\000a\000m\000p\000l\000e\000\040\000U\000s\000a\000g\000e}{section.5}% 22
\BOOKMARK [1][-]{section.6}{\376\377\000M\000a\000g\000n\000e\000t\000i\000c\000\040\000F\000i\000e\000l\000d\000\040\000D\000a\000t\000a\000\040\000F\000i\000l\000e\000\040\000S\000t\000r\000u\000c\000t\000u\000r\000e}{}% 23
\BOOKMARK [2][-]{subsection.6.1}{\376\377\000H\000D\000F\0005\000\040\000F\000i\000l\000e\000\040\000S\000t\000r\000u\000c\000t\000u\000r\000e}{section.6}% 24
\BOOKMARK [2][-]{subsection.6.2}{\376\377\000E\000x\000a\000m\000p\000l\000e\000\040\000U\000s\000a\000g\000e}{section.6}% 25
\BOOKMARK [1][-]{section.7}{\376\377\000S\000u\000r\000f\000a\000c\000e\000\040\000D\000a\000t\000a\000\040\000F\000i\000l\000e\000\040\000S\000t\000r\000u\000c\000t\000u\000r\000e}{}% 26
